<?xml version="1.0" encoding="UTF-8"?>
<!-- Generated by org.testng.reporters.JUnitReportReporter -->
<testsuite skipped="0" hostname="Mojaves-MacBook-Air.local" name="agoda.apiTestSuite.ApiTest" tests="2" failures="0" timestamp="17 Jul 2021 15:12:01 GMT" time="7.607" errors="0">
  <testcase name="TC_001_VerifyAllFamousQoutesAuthor" time="5.881" classname="agoda.apiTestSuite.ApiTest"/>
  <testcase name="TC_002_VerifyAllFamousQoutesPage" time="1.726" classname="agoda.apiTestSuite.ApiTest"/>
</testsuite> <!-- agoda.apiTestSuite.ApiTest -->
